<?xml version="1.0" encoding="UTF-8"?>
<!-- Generated by org.testng.reporters.JUnitReportReporter -->
<testsuite hostname="CDC2-L-138LY8D" failures="0" tests="8" name="testNG.DataProviderExample" time="0.011" errors="0" timestamp="2022-08-20T13:19:52 IST" skipped="0">
  <testcase classname="testNG.DataProviderExample" name="getDP" time="0.001"/>
  <system-out/>
  <testcase classname="testNG.DataProviderExample" name="getDP" time="0.000"/>
  <system-out/>
  <testcase classname="testNG.DataProviderExample" name="getDP" time="0.001"/>
  <system-out/>
  <testcase classname="testNG.DataProviderExample" name="TestFact" time="0.007"/>
  <system-out/>
  <testcase classname="testNG.DataProviderExample" name="getDP" time="0.001"/>
  <system-out/>
  <testcase classname="testNG.DataProviderExample" name="getDP" time="0.000"/>
  <system-out/>
  <testcase classname="testNG.DataProviderExample" name="getDP" time="0.000"/>
  <system-out/>
  <testcase classname="testNG.DataProviderExample" name="TestFact" time="0.001"/>
  <system-out/>
</testsuite> <!-- testNG.DataProviderExample -->
