<?xml version="1.0" encoding="UTF-8"?>
<!-- Generated by org.testng.reporters.JUnitReportReporter -->
<testsuite hostname="CDC2-L-138LY8D" failures="0" tests="4" name="testNG.GroupingExample" time="0.012" errors="0" timestamp="2022-03-31T12:15:28 IST" skipped="0">
  <testcase classname="testNG.GroupingExample" name="moto1" time="0.007"/>
  <system-out/>
  <testcase classname="testNG.GroupingExample" name="vivo2" time="0.002"/>
  <system-out/>
  <testcase classname="testNG.GroupingExample" name="moto2" time="0.001"/>
  <system-out/>
  <testcase classname="testNG.GroupingExample" name="vivo1" time="0.002"/>
  <system-out/>
</testsuite> <!-- testNG.GroupingExample -->
