<?xml version="1.0" encoding="UTF-8"?>
<!-- Generated by org.testng.reporters.JUnitReportReporter -->
<testsuite hostname="CDC2-L-138LY8D" failures="0" tests="3" name="testNG.SuiteExample" time="7.044" errors="0" timestamp="2022-03-30T18:00:58 IST" skipped="0">
  <testcase classname="testNG.SuiteExample" name="openYahoo" time="3.239"/>
  <system-out/>
  <testcase classname="testNG.SuiteExample" name="openBing" time="1.339"/>
  <system-out/>
  <testcase classname="testNG.SuiteExample" name="openGoogle" time="2.466"/>
  <system-out/>
</testsuite> <!-- testNG.SuiteExample -->
