<?xml version="1.0" encoding="UTF-8"?>
<!-- Generated by org.testng.reporters.JUnitReportReporter -->
<testsuite hostname="CDC2-L-138LY8D" failures="0" tests="6" name="testNG.DPandFactoryExaple" time="0.017" errors="0" timestamp="2022-08-10T11:11:35 IST" skipped="0">
  <testcase classname="testNG.DPandFactoryExaple" name="PrintMsg" time="0.009"/>
  <system-out/>
  <testcase classname="testNG.DPandFactoryExaple" name="PrintMsg" time="0.002"/>
  <system-out/>
  <testcase classname="testNG.DPandFactoryExaple" name="PrintMsg" time="0.001"/>
  <system-out/>
  <testcase classname="testNG.DPandFactoryExaple" name="PrintSuccessfullMessage" time="0.001"/>
  <system-out/>
  <testcase classname="testNG.DPandFactoryExaple" name="PrintSuccessfullMessage" time="0.002"/>
  <system-out/>
  <testcase classname="testNG.DPandFactoryExaple" name="PrintMsg" time="0.002"/>
  <system-out/>
</testsuite> <!-- testNG.DPandFactoryExaple -->
