<?xml version="1.0" encoding="UTF-8"?>
<!-- Generated by org.testng.reporters.JUnitReportReporter -->
<testsuite hostname="CDC2-L-138LY8D" failures="0" tests="2" name="testNG.ExampleForParallelTesting" time="12.945" errors="0" timestamp="2022-08-20T13:32:58 IST" skipped="0">
  <testcase classname="testNG.ExampleForParallelTesting" name="openGoogle" time="8.101"/>
  <system-out/>
  <testcase classname="testNG.ExampleForParallelTesting" name="openBing" time="4.844"/>
  <system-out/>
</testsuite> <!-- testNG.ExampleForParallelTesting -->
