<?xml version="1.0" encoding="UTF-8"?>
<!-- Generated by org.testng.reporters.JUnitReportReporter -->
<testsuite hostname="CDC2-L-138LY8D" failures="0" tests="1" name="testNG.AssertionsExample" time="0.022" errors="0" timestamp="2022-07-20T16:22:12 IST" skipped="0">
  <testcase classname="testNG.AssertionsExample" name="checkSame" time="0.022"/>
  <system-out/>
</testsuite> <!-- testNG.AssertionsExample -->
