<?xml version="1.0" encoding="UTF-8"?>
<!-- Generated by org.testng.reporters.JUnitReportReporter -->
<testsuite hostname="CDC2-L-138LY8D" failures="0" tests="6" name="testNG.SkipTestCase" time="0.027" errors="0" timestamp="2022-07-25T16:36:16 IST" skipped="2">
  <testcase classname="testNG.SkipTestCase" name="startTheCar" time="0.019"/>
  <system-out/>
  <testcase classname="testNG.SkipTestCase" name="putFirstGear" time="0.002">
    <skipped/>
  </testcase> <!-- putFirstGear -->
  <system-out/>
  <testcase classname="testNG.SkipTestCase" name="putSecondGear" time="0.001"/>
  <system-out/>
  <testcase classname="testNG.SkipTestCase" name="putThirdGear" time="0.001"/>
  <system-out/>
  <testcase classname="testNG.SkipTestCase" name="putFourthGear" time="0.004"/>
  <system-out/>
  <testcase classname="testNG.SkipTestCase" name="turnOnMusic">
    <skipped/>
  </testcase> <!-- turnOnMusic -->
  <system-out/>
</testsuite> <!-- testNG.SkipTestCase -->
