<?xml version="1.0" encoding="UTF-8"?>
<!-- Generated by org.testng.reporters.JUnitReportReporter -->
<testsuite hostname="CDC2-L-138LY8D" failures="0" tests="1" name="testNG.ParameterizationExample" time="0.007" errors="0" timestamp="2022-03-31T12:37:33 IST" skipped="0">
  <testcase classname="testNG.ParameterizationExample" name="printName" time="0.007"/>
  <system-out/>
</testsuite> <!-- testNG.ParameterizationExample -->
