<?xml version="1.0" encoding="UTF-8"?>
<!-- Generated by org.testng.reporters.JUnitReportReporter -->
<testsuite hostname="CDC2-L-138LY8D" failures="0" tests="3" name="testNG.DependenciesManagement" time="0.011" errors="0" timestamp="2022-03-30T18:00:58 IST" skipped="0">
  <testcase classname="testNG.DependenciesManagement" name="engineering" time="0.002"/>
  <system-out/>
  <testcase classname="testNG.DependenciesManagement" name="higherSecondary" time="0.002"/>
  <system-out/>
  <testcase classname="testNG.DependenciesManagement" name="highSchool" time="0.007"/>
  <system-out/>
</testsuite> <!-- testNG.DependenciesManagement -->
