<?xml version="1.0" encoding="UTF-8"?>
<!-- Generated by org.testng.reporters.JUnitReportReporter -->
<testsuite hostname="CDC2-L-138LY8D" failures="0" tests="2" name="testNG.AnnotationsHierarchyExample" time="0.014" errors="0" timestamp="2022-03-31T15:04:41 IST" skipped="0">
  <testcase classname="testNG.AnnotationsHierarchyExample" name="f2" time="0.003"/>
  <system-out/>
  <testcase classname="testNG.AnnotationsHierarchyExample" name="f" time="0.011"/>
  <system-out/>
</testsuite> <!-- testNG.AnnotationsHierarchyExample -->
