<?xml version="1.0" encoding="UTF-8"?>
<!-- Generated by org.testng.reporters.JUnitReportReporter -->
<testsuite hostname="CDC2-L-138LY8D" failures="0" tests="5" name="testNG.DriverACar" time="0.017" errors="0" timestamp="2022-07-22T17:06:05 IST" skipped="0">
  <testcase classname="testNG.DriverACar" name="startTheCar" time="0.013"/>
  <system-out/>
  <testcase classname="testNG.DriverACar" name="putFirstGear" time="0.001"/>
  <system-out/>
  <testcase classname="testNG.DriverACar" name="putSecondGear" time="0.001"/>
  <system-out/>
  <testcase classname="testNG.DriverACar" name="putThirdGear" time="0.001"/>
  <system-out/>
  <testcase classname="testNG.DriverACar" name="putFourthGear" time="0.001"/>
  <system-out/>
</testsuite> <!-- testNG.DriverACar -->
